<?xml version="1.0" encoding="UTF-8"?>
<!-- Generated by org.testng.reporters.JUnitReportReporter -->
<testsuite hostname="KisanAbhi-PC" name="testCases.EditUserProfile" tests="1" failures="0" timestamp="22 Feb 2018 12:49:54 GMT" time="19.824" errors="0">
  <testcase name="editUSerProfile" time="19.824" classname="testCases.EditUserProfile"/>
</testsuite> <!-- testCases.EditUserProfile -->
