<?xml version="1.0" encoding="UTF-8"?>
<!-- Generated by org.testng.reporters.JUnitReportReporter -->
<testsuite hostname="KisanAbhi-PC" name="testCases.SendTextToFollower" tests="1" failures="0" timestamp="23 Feb 2018 13:23:26 GMT" time="5.185" errors="0">
  <testcase name="SendText" time="5.185" classname="testCases.SendTextToFollower"/>
</testsuite> <!-- testCases.SendTextToFollower -->
