<?xml version="1.0" encoding="UTF-8"?>
<!-- Generated by org.testng.reporters.JUnitReportReporter -->
<testsuite hostname="KisanAbhi-PC" name="testCases.EditUserProfile" tests="1" failures="0" timestamp="28 Feb 2018 12:35:13 GMT" time="28.649" errors="0">
  <testcase name="editUSerProfile" time="28.649" classname="testCases.EditUserProfile"/>
</testsuite> <!-- testCases.EditUserProfile -->
