<?xml version="1.0" encoding="UTF-8"?>
<!-- Generated by org.testng.reporters.JUnitReportReporter -->
<testsuite hostname="KisanAbhi-PC" name="testCases.RegisterUser_TC" tests="1" failures="0" timestamp="23 Feb 2018 13:23:26 GMT" time="20.956" errors="0">
  <testcase name="execute_RegisterUser_TC" time="20.956" classname="testCases.RegisterUser_TC"/>
</testsuite> <!-- testCases.RegisterUser_TC -->
