<?xml version="1.0" encoding="UTF-8"?>
<!-- Generated by org.testng.reporters.JUnitReportReporter -->
<testsuite hostname="KisanAbhi-PC" name="testCases.SendImageToAdmin" tests="1" failures="0" timestamp="26 Feb 2018 12:17:00 GMT" time="9.265" errors="0">
  <testcase name="sendImage" time="9.265" classname="testCases.SendImageToAdmin"/>
</testsuite> <!-- testCases.SendImageToAdmin -->
