<?xml version="1.0" encoding="UTF-8"?>
<!-- Generated by org.testng.reporters.JUnitReportReporter -->
<testsuite hostname="KisanAbhi-PC" name="testCases.RegisterUser_TC" tests="1" failures="0" timestamp="26 Feb 2018 12:17:00 GMT" time="18.973" errors="0">
  <testcase name="execute_RegisterUser_TC" time="18.973" classname="testCases.RegisterUser_TC"/>
</testsuite> <!-- testCases.RegisterUser_TC -->
