<?xml version="1.0" encoding="UTF-8"?>
<!-- Generated by org.testng.reporters.JUnitReportReporter -->
<testsuite hostname="KisanAbhi-PC" name="testCases.SendTextToFollower" tests="1" failures="0" timestamp="22 Feb 2018 12:49:54 GMT" time="4.159" errors="0">
  <testcase name="SendText" time="4.159" classname="testCases.SendTextToFollower"/>
</testsuite> <!-- testCases.SendTextToFollower -->
