<?xml version="1.0" encoding="UTF-8"?>
<!-- Generated by org.testng.reporters.JUnitReportReporter -->
<testsuite hostname="KisanAbhi-PC" name="testCases.SendImageToFollower" tests="1" failures="0" timestamp="23 Feb 2018 13:23:26 GMT" time="17.297" errors="0">
  <testcase name="sendImage" time="17.297" classname="testCases.SendImageToFollower"/>
</testsuite> <!-- testCases.SendImageToFollower -->
