<?xml version="1.0" encoding="UTF-8"?>
<!-- Generated by org.testng.reporters.JUnitReportReporter -->
<testsuite hostname="KisanAbhi-PC" name="testCases.FollowChannel" tests="1" failures="0" timestamp="27 Feb 2018 11:47:50 GMT" time="12.736" errors="0">
  <testcase name="followChannel" time="12.736" classname="testCases.FollowChannel"/>
</testsuite> <!-- testCases.FollowChannel -->
