<?xml version="1.0" encoding="UTF-8"?>
<!-- Generated by org.testng.reporters.JUnitReportReporter -->
<testsuite hostname="KisanAbhi-PC" name="testCases.SendTextToAdmin" tests="1" failures="0" timestamp="28 Feb 2018 12:35:14 GMT" time="8.975" errors="0">
  <testcase name="SendText" time="8.975" classname="testCases.SendTextToAdmin"/>
</testsuite> <!-- testCases.SendTextToAdmin -->
