<?xml version="1.0" encoding="UTF-8"?>
<!-- Generated by org.testng.reporters.JUnitReportReporter -->
<testsuite hostname="KisanAbhi-PC" name="testCases.ChangeLanguage" tests="1" failures="0" timestamp="26 Feb 2018 12:17:00 GMT" time="0.451" errors="0">
  <testcase name="changeLanguage" time="0.451" classname="testCases.ChangeLanguage"/>
</testsuite> <!-- testCases.ChangeLanguage -->
