<?xml version="1.0" encoding="UTF-8"?>
<!-- Generated by org.testng.reporters.JUnitReportReporter -->
<testsuite hostname="KisanAbhi-PC" name="testCases.RegisterUser_TC" tests="1" failures="0" timestamp="27 Feb 2018 12:38:11 GMT" time="21.656" errors="0">
  <testcase name="execute_RegisterUser_TC" time="21.656" classname="testCases.RegisterUser_TC"/>
</testsuite> <!-- testCases.RegisterUser_TC -->
