<?xml version="1.0" encoding="UTF-8"?>
<!-- Generated by org.testng.reporters.JUnitReportReporter -->
<testsuite hostname="KisanAbhi-PC" name="testCases.SendImageToAdmin" tests="1" failures="0" timestamp="27 Feb 2018 11:47:50 GMT" time="7.268" errors="0">
  <testcase name="sendImage" time="7.268" classname="testCases.SendImageToAdmin"/>
</testsuite> <!-- testCases.SendImageToAdmin -->
