<?xml version="1.0" encoding="UTF-8"?>
<!-- Generated by org.testng.reporters.JUnitReportReporter -->
<testsuite hostname="KisanAbhi-PC" name="testCases.ChangeLanguage" tests="1" failures="0" timestamp="28 Feb 2018 12:35:13 GMT" time="0.880" errors="0">
  <testcase name="changeLanguage" time="0.880" classname="testCases.ChangeLanguage"/>
</testsuite> <!-- testCases.ChangeLanguage -->
