<?xml version="1.0" encoding="UTF-8"?>
<!-- Generated by org.testng.reporters.JUnitReportReporter -->
<testsuite hostname="KisanAbhi-PC" name="testCases.SendTextToFollower" tests="1" failures="0" timestamp="28 Feb 2018 12:35:13 GMT" time="10.337" errors="0">
  <testcase name="SendText" time="10.337" classname="testCases.SendTextToFollower"/>
</testsuite> <!-- testCases.SendTextToFollower -->
