<?xml version="1.0" encoding="UTF-8"?>
<!-- Generated by org.testng.reporters.JUnitReportReporter -->
<testsuite hostname="KisanAbhi-PC" name="testCases.CreateChannel" tests="2" failures="0" timestamp="26 Feb 2018 12:16:59 GMT" time="37.915" errors="0">
  <testcase name="createPvtChannel" time="18.849" classname="testCases.CreateChannel"/>
  <testcase name="createPubChannel" time="19.066" classname="testCases.CreateChannel"/>
</testsuite> <!-- testCases.CreateChannel -->
