<?xml version="1.0" encoding="UTF-8"?>
<!-- Generated by org.testng.reporters.JUnitReportReporter -->
<testsuite hostname="KisanAbhi-PC" name="testCases.SendImageToFollower" tests="1" failures="0" timestamp="26 Feb 2018 12:17:00 GMT" time="16.739" errors="0">
  <testcase name="sendImage" time="16.739" classname="testCases.SendImageToFollower"/>
</testsuite> <!-- testCases.SendImageToFollower -->
