<?xml version="1.0" encoding="UTF-8"?>
<!-- Generated by org.testng.reporters.JUnitReportReporter -->
<testsuite hostname="KisanAbhi-PC" name="testCases.SendImageToFollower" tests="1" failures="0" timestamp="28 Feb 2018 12:35:13 GMT" time="19.581" errors="0">
  <testcase name="sendImage" time="19.581" classname="testCases.SendImageToFollower"/>
</testsuite> <!-- testCases.SendImageToFollower -->
