<?xml version="1.0" encoding="UTF-8"?>
<!-- Generated by org.testng.reporters.JUnitReportReporter -->
<testsuite hostname="KisanAbhi-PC" name="testCases.CreateChannel" tests="2" failures="0" timestamp="27 Feb 2018 11:47:50 GMT" time="46.833" errors="0">
  <testcase name="createPvtChannel" time="23.334" classname="testCases.CreateChannel"/>
  <testcase name="createPubChannel" time="23.499" classname="testCases.CreateChannel"/>
</testsuite> <!-- testCases.CreateChannel -->
