<?xml version="1.0" encoding="UTF-8"?>
<!-- Generated by org.testng.reporters.JUnitReportReporter -->
<testsuite hostname="KisanAbhi-PC" name="testCases.SendImageToFollower" tests="1" failures="0" timestamp="22 Feb 2018 12:49:54 GMT" time="16.731" errors="0">
  <testcase name="SendImage" time="16.731" classname="testCases.SendImageToFollower"/>
</testsuite> <!-- testCases.SendImageToFollower -->
