<?xml version="1.0" encoding="UTF-8"?>
<!-- Generated by org.testng.reporters.JUnitReportReporter -->
<testsuite hostname="KisanAbhi-PC" name="testCases.CreateChannel" tests="1" failures="0" timestamp="22 Feb 2018 12:49:54 GMT" time="17.671" errors="0">
  <testcase name="CreateChannel" time="17.671" classname="testCases.CreateChannel"/>
</testsuite> <!-- testCases.CreateChannel -->
