<?xml version="1.0" encoding="UTF-8"?>
<!-- Generated by org.testng.reporters.JUnitReportReporter -->
<testsuite hostname="KisanAbhi-PC" name="testCases.FollowChannel" tests="1" failures="0" timestamp="26 Feb 2018 12:17:00 GMT" time="11.965" errors="0">
  <testcase name="followChannel" time="11.965" classname="testCases.FollowChannel"/>
</testsuite> <!-- testCases.FollowChannel -->
