<?xml version="1.0" encoding="UTF-8"?>
<!-- Generated by org.testng.reporters.JUnitReportReporter -->
<testsuite hostname="KisanAbhi-PC" name="testCases.CreateChannel" tests="2" failures="0" timestamp="28 Feb 2018 12:35:13 GMT" time="47.307" errors="0">
  <testcase name="createPubChannel" time="23.724" classname="testCases.CreateChannel"/>
  <testcase name="createPvtChannel" time="23.583" classname="testCases.CreateChannel"/>
</testsuite> <!-- testCases.CreateChannel -->
