<?xml version="1.0" encoding="UTF-8"?>
<!-- Generated by org.testng.reporters.JUnitReportReporter -->
<testsuite hostname="KisanAbhi-PC" name="testCases.EditUserProfile" tests="1" failures="0" timestamp="26 Feb 2018 12:17:00 GMT" time="25.837" errors="0">
  <testcase name="editUSerProfile" time="25.837" classname="testCases.EditUserProfile"/>
</testsuite> <!-- testCases.EditUserProfile -->
