<?xml version="1.0" encoding="UTF-8"?>
<!-- Generated by org.testng.reporters.JUnitReportReporter -->
<testsuite hostname="KisanAbhi-PC" name="testCases.SendTextToFollower" tests="1" failures="0" timestamp="26 Feb 2018 12:17:00 GMT" time="4.369" errors="0">
  <testcase name="SendText" time="4.369" classname="testCases.SendTextToFollower"/>
</testsuite> <!-- testCases.SendTextToFollower -->
