<?xml version="1.0" encoding="UTF-8"?>
<!-- Generated by org.testng.reporters.JUnitReportReporter -->
<testsuite hostname="KisanAbhi-PC" name="testCases.SendTextToAdmin" tests="1" failures="0" timestamp="27 Feb 2018 11:47:50 GMT" time="6.862" errors="0">
  <testcase name="SendText" time="6.862" classname="testCases.SendTextToAdmin"/>
</testsuite> <!-- testCases.SendTextToAdmin -->
