<?xml version="1.0" encoding="UTF-8"?>
<!-- Generated by org.testng.reporters.JUnitReportReporter -->
<testsuite hostname="KisanAbhi-PC" name="testCases.EditUserProfile" tests="1" failures="0" timestamp="27 Feb 2018 11:47:50 GMT" time="28.558" errors="0">
  <testcase name="editUSerProfile" time="28.558" classname="testCases.EditUserProfile"/>
</testsuite> <!-- testCases.EditUserProfile -->
