<?xml version="1.0" encoding="UTF-8"?>
<!-- Generated by org.testng.reporters.JUnitReportReporter -->
<testsuite hostname="KisanAbhi-PC" name="testCases.CreateChannel" tests="1" failures="0" timestamp="23 Feb 2018 13:23:26 GMT" time="20.635" errors="0">
  <testcase name="createChannel" time="20.635" classname="testCases.CreateChannel"/>
</testsuite> <!-- testCases.CreateChannel -->
