<?xml version="1.0" encoding="UTF-8"?>
<!-- Generated by org.testng.reporters.JUnitReportReporter -->
<testsuite hostname="KisanAbhi-PC" name="testCases.SendImageToFollower" tests="1" failures="0" timestamp="27 Feb 2018 11:47:50 GMT" time="17.359" errors="0">
  <testcase name="sendImage" time="17.359" classname="testCases.SendImageToFollower"/>
</testsuite> <!-- testCases.SendImageToFollower -->
