<?xml version="1.0" encoding="UTF-8"?>
<!-- Generated by org.testng.reporters.JUnitReportReporter -->
<testsuite hostname="KisanAbhi-PC" name="testCases.FollowChannel" tests="1" failures="0" timestamp="23 Feb 2018 13:23:26 GMT" time="12.808" errors="0">
  <testcase name="followChannel" time="12.808" classname="testCases.FollowChannel"/>
</testsuite> <!-- testCases.FollowChannel -->
