<?xml version="1.0" encoding="UTF-8"?>
<!-- Generated by org.testng.reporters.JUnitReportReporter -->
<testsuite hostname="KisanAbhi-PC" name="testCases.FollowChannel" tests="1" failures="0" timestamp="28 Feb 2018 12:35:14 GMT" time="12.829" errors="0">
  <testcase name="followChannel" time="12.829" classname="testCases.FollowChannel"/>
</testsuite> <!-- testCases.FollowChannel -->
