<?xml version="1.0" encoding="UTF-8"?>
<!-- Generated by org.testng.reporters.JUnitReportReporter -->
<testsuite hostname="KisanAbhi-PC" name="testCases.RegisterUser_TC" tests="1" failures="0" timestamp="22 Feb 2018 12:49:54 GMT" time="24.807" errors="0">
  <testcase name="execute_RegisterUser_TC" time="24.807" classname="testCases.RegisterUser_TC"/>
</testsuite> <!-- testCases.RegisterUser_TC -->
