<?xml version="1.0" encoding="UTF-8"?>
<!-- Generated by org.testng.reporters.JUnitReportReporter -->
<testsuite hostname="KisanAbhi-PC" name="testCases.Logout" tests="1" failures="0" timestamp="20 Feb 2018 11:28:08 GMT" time="1.056" errors="0">
  <testcase name="logout" time="1.056" classname="testCases.Logout"/>
</testsuite> <!-- testCases.Logout -->
