<?xml version="1.0" encoding="UTF-8"?>
<!-- Generated by org.testng.reporters.JUnitReportReporter -->
<testsuite hostname="KisanAbhi-PC" name="com.kisannet.testCases.LoginTests" tests="1" failures="0" timestamp="7 Feb 2018 07:26:59 GMT" time="68.872" errors="0">
  <testcase name="login" time="68.872" classname="com.kisannet.testCases.LoginTests"/>
</testsuite> <!-- com.kisannet.testCases.LoginTests -->
