<?xml version="1.0" encoding="UTF-8"?>
<!-- Generated by org.testng.reporters.JUnitReportReporter -->
<testsuite hostname="KisanAbhi-PC" name="testCases.SendTextToAdmin" tests="1" failures="0" timestamp="26 Feb 2018 12:17:00 GMT" time="3.054" errors="0">
  <testcase name="SendText" time="3.054" classname="testCases.SendTextToAdmin"/>
</testsuite> <!-- testCases.SendTextToAdmin -->
