<?xml version="1.0" encoding="UTF-8"?>
<!-- Generated by org.testng.reporters.JUnitReportReporter -->
<testsuite hostname="KisanAbhi-PC" name="testCases.FollowChannel" tests="1" failures="0" timestamp="22 Feb 2018 12:49:54 GMT" time="11.939" errors="0">
  <testcase name="followChannel" time="11.939" classname="testCases.FollowChannel"/>
</testsuite> <!-- testCases.FollowChannel -->
