<?xml version="1.0" encoding="UTF-8"?>
<!-- Generated by org.testng.reporters.JUnitReportReporter -->
<testsuite hostname="KisanAbhi-PC" name="testCases.EditChannelProfile" tests="1" failures="0" timestamp="28 Feb 2018 12:35:14 GMT" time="27.241" errors="0">
  <testcase name="editChannelProfile" time="27.241" classname="testCases.EditChannelProfile"/>
</testsuite> <!-- testCases.EditChannelProfile -->
